CTkLabel Warning: Given image is not CTkImage but <class 'tkinter.PhotoImage'>. Image can not be scaled on HighDPI displays, use CTkImage instead.
CTkLabel Warning: Given image is not CTkImage but <class 'tkinter.PhotoImage'>. Image can not be scaled on HighDPI displays, use CTkImage instead.
c:\Users\Madru\OneDrive - Universidad Politécnica de Madrid\Practicum\Scripts para teledeteccion\SatChange\lib\stackIntFiles.py:100: RuntimeWarning: overflow encountered in multiply
  band = 10000 * np.nan_to_num(band)   # Multiply by 10000 to get the integer value
Exception in Tkinter callback
Traceback (most recent call last):
  File "C:\Program Files\WindowsApps\PythonSoftwareFoundation.Python.3.9_3.9.3568.0_x64__qbz5n2kfra8p0\lib\tkinter\__init__.py", line 1892, in __call__
    return self.func(*args)
  File "C:\Users\Madru\AppData\Local\Packages\PythonSoftwareFoundation.Python.3.9_qbz5n2kfra8p0\LocalCache\local-packages\Python39\site-packages\customtkinter\windows\widgets\ctk_button.py", line 531, in _clicked
    self._command()
  File "c:\Users\Madru\OneDrive - Universidad Politécnica de Madrid\Practicum\Scripts para teledeteccion\SatChange\satchange.py", line 1140, in checkparams
    self.startprocess()
  File "c:\Users\Madru\OneDrive - Universidad Politécnica de Madrid\Practicum\Scripts para teledeteccion\SatChange\satchange.py", line 1287, in startprocess
    self.autocorrelation(index="4.0")
  File "c:\Users\Madru\OneDrive - Universidad Politécnica de Madrid\Practicum\Scripts para teledeteccion\SatChange\satchange.py", line 1434, in autocorrelation
    self.master.update()
  File "C:\Users\Madru\AppData\Local\Packages\PythonSoftwareFoundation.Python.3.9_qbz5n2kfra8p0\LocalCache\local-packages\Python39\site-packages\customtkinter\windows\ctk_tk.py", line 150, in update
    super().update()
  File "C:\Program Files\WindowsApps\PythonSoftwareFoundation.Python.3.9_3.9.3568.0_x64__qbz5n2kfra8p0\lib\tkinter\__init__.py", line 1314, in update
    self.tk.call('update')
KeyboardInterrupt
